<?xml version="1.0" encoding="utf-8"?><testsuites name="pytest tests"><testsuite name="pytest" errors="0" failures="0" skipped="0" tests="22" time="7.775" timestamp="2026-04-28T16:55:36.410230+00:00" hostname="agent-env-9cbb51b3-e07c-4ff9-b2df-23d2010c6a53"><testcase classname="backend.tests.backend_test" name="test_root" time="0.326" /><testcase classname="backend.tests.backend_test" name="test_signup_duplicate" time="0.346" /><testcase classname="backend.tests.backend_test" name="test_login_success" time="0.280" /><testcase classname="backend.tests.backend_test" name="test_login_invalid" time="0.276" /><testcase classname="backend.tests.backend_test" name="test_google_session_invalid" time="0.189" /><testcase classname="backend.tests.backend_test" name="test_google_session_empty" time="0.050" /><testcase classname="backend.tests.backend_test" name="test_me" time="0.059" /><testcase classname="backend.tests.backend_test" name="test_me_unauthorized" time="0.057" /><testcase classname="backend.tests.backend_test" name="test_update_profile" time="0.111" /><testcase classname="backend.tests.backend_test" name="test_me_returns_bio_and_picture_keys" time="0.062" /><testcase classname="backend.tests.backend_test" name="test_update_profile_bio_and_picture_persist" time="0.108" /><testcase classname="backend.tests.backend_test" name="test_update_profile_picture_too_large_returns_413" time="0.179" /><testcase classname="backend.tests.backend_test" name="test_login_test_user_returns_bio_picture_keys" time="0.334" /><testcase classname="backend.tests.backend_test" name="test_create_request_and_list" time="0.108" /><testcase classname="backend.tests.backend_test" name="test_chat_emergency" time="0.053" /><testcase classname="backend.tests.backend_test" name="test_chat_normal" time="2.050" /><testcase classname="backend.tests.backend_test" name="test_chat_history" time="0.052" /><testcase classname="backend.tests.backend_test" name="test_chat_empty" time="0.057" /><testcase classname="backend.tests.backend_test" name="test_find_help" time="2.751" /><testcase classname="backend.tests.backend_test" name="test_dashboard" time="0.054" /><testcase classname="backend.tests.backend_test" name="test_settings_get_default" time="0.057" /><testcase classname="backend.tests.backend_test" name="test_settings_update_persist" time="0.109" /></testsuite></testsuites>